
  .   ____          _            __ _ _
 /\\ / ___'_ __ _ _(_)_ __  __ _ \ \ \ \
( ( )\___ | '_ | '_| | '_ \/ _` | \ \ \ \
 \\/  ___)| |_)| | | | | || (_| |  ) ) ) )
  '  |____| .__|_| |_|_| |_\__, | / / / /
 =========|_|==============|___/=/_/_/_/
 :: Spring Boot ::                (v3.2.6)

2026-07-21T15:30:10.141+01:00  INFO 22128 --- [fleet-management] [           main] c.fleetman.backend.FleetManApplication   : Starting FleetManApplication v1.0.0-SNAPSHOT using Java 22.0.2 with PID 22128 (F:\Semestre2Code\Réseaux\FleetMan-Backend-Monolithe\target\fleet-management-backend-1.0.0-SNAPSHOT.jar started by Nehemie Turing in F:\Semestre2Code\Réseaux\FleetMan-Backend-Monolithe)
2026-07-21T15:30:10.145+01:00  INFO 22128 --- [fleet-management] [           main] c.fleetman.backend.FleetManApplication   : No active profile set, falling back to 1 default profile: "default"
2026-07-21T15:30:11.864+01:00  INFO 22128 --- [fleet-management] [           main] .s.d.r.c.RepositoryConfigurationDelegate : Bootstrapping Spring Data JPA repositories in DEFAULT mode.
2026-07-21T15:30:12.044+01:00  INFO 22128 --- [fleet-management] [           main] .s.d.r.c.RepositoryConfigurationDelegate : Finished Spring Data repository scanning in 155 ms. Found 48 JPA repository interfaces.
2026-07-21T15:30:13.935+01:00  INFO 22128 --- [fleet-management] [           main] o.s.b.w.embedded.tomcat.TomcatWebServer  : Tomcat initialized with port 8082 (http)
2026-07-21T15:30:13.973+01:00  INFO 22128 --- [fleet-management] [           main] o.apache.catalina.core.StandardService   : Starting service [Tomcat]
2026-07-21T15:30:13.975+01:00  INFO 22128 --- [fleet-management] [           main] o.apache.catalina.core.StandardEngine    : Starting Servlet engine: [Apache Tomcat/10.1.24]
2026-07-21T15:30:14.048+01:00  INFO 22128 --- [fleet-management] [           main] o.a.c.c.C.[Tomcat].[localhost].[/]       : Initializing Spring embedded WebApplicationContext
2026-07-21T15:30:14.050+01:00  INFO 22128 --- [fleet-management] [           main] w.s.c.ServletWebServerApplicationContext : Root WebApplicationContext: initialization completed in 3831 ms
2026-07-21T15:30:14.789+01:00  INFO 22128 --- [fleet-management] [           main] o.hibernate.jpa.internal.util.LogHelper  : HHH000204: Processing PersistenceUnitInfo [name: default]
2026-07-21T15:30:14.981+01:00  INFO 22128 --- [fleet-management] [           main] org.hibernate.Version                    : HHH000412: Hibernate ORM core version 6.4.8.Final
2026-07-21T15:30:15.031+01:00  INFO 22128 --- [fleet-management] [           main] o.h.c.internal.RegionFactoryInitiator    : HHH000026: Second-level cache disabled
2026-07-21T15:30:15.430+01:00  INFO 22128 --- [fleet-management] [           main] o.s.o.j.p.SpringPersistenceUnitInfo      : No LoadTimeWeaver setup: ignoring JPA class transformer
2026-07-21T15:30:15.478+01:00  INFO 22128 --- [fleet-management] [           main] com.zaxxer.hikari.HikariDataSource       : HikariPool-1 - Starting...
2026-07-21T15:30:15.842+01:00  INFO 22128 --- [fleet-management] [           main] com.zaxxer.hikari.pool.HikariPool        : HikariPool-1 - Added connection org.postgresql.jdbc.PgConnection@7c4a03a
2026-07-21T15:30:15.842+01:00  INFO 22128 --- [fleet-management] [           main] com.zaxxer.hikari.HikariDataSource       : HikariPool-1 - Start completed.
2026-07-21T15:30:15.908+01:00  WARN 22128 --- [fleet-management] [           main] org.hibernate.orm.deprecation            : HHH90000025: PostgreSQLDialect does not need to be specified explicitly using 'hibernate.dialect' (remove the property setting and it will be selected by default)
2026-07-21T15:30:17.794+01:00  INFO 22128 --- [fleet-management] [           main] o.h.e.t.j.p.i.JtaPlatformInitiator       : HHH000489: No JTA platform available (set 'hibernate.transaction.jta.platform' to enable JTA platform integration)
2026-07-21T15:30:17.951+01:00  INFO 22128 --- [fleet-management] [           main] j.LocalContainerEntityManagerFactoryBean : Initialized JPA EntityManagerFactory for persistence unit 'default'
2026-07-21T15:30:18.328+01:00  INFO 22128 --- [fleet-management] [           main] o.s.d.j.r.query.QueryEnhancerFactory     : Hibernate is in classpath; If applicable, HQL parser will be used.
2026-07-21T15:30:20.846+01:00  WARN 22128 --- [fleet-management] [           main] JpaBaseConfiguration$JpaWebConfiguration : spring.jpa.open-in-view is enabled by default. Therefore, database queries may be performed during view rendering. Explicitly configure spring.jpa.open-in-view to disable this warning
2026-07-21T15:30:20.948+01:00  WARN 22128 --- [fleet-management] [           main] .s.s.UserDetailsServiceAutoConfiguration : 

Using generated security password: 55f3e0ad-b691-4915-88ce-c21391f76a5e

This generated password is for development use only. Your security configuration must be updated before running your application in production.

2026-07-21T15:30:21.901+01:00  INFO 22128 --- [fleet-management] [           main] o.s.b.a.e.web.EndpointLinksResolver      : Exposing 2 endpoint(s) beneath base path '/actuator'
2026-07-21T15:30:22.017+01:00  INFO 22128 --- [fleet-management] [           main] o.s.s.web.DefaultSecurityFilterChain     : Will secure any request with [org.springframework.security.web.session.DisableEncodeUrlFilter@797ec046, org.springframework.security.web.context.request.async.WebAsyncManagerIntegrationFilter@41313f58, org.springframework.security.web.context.SecurityContextHolderFilter@789f27e5, org.springframework.security.web.header.HeaderWriterFilter@40190f7f, org.springframework.web.filter.CorsFilter@129b75c, org.springframework.security.web.authentication.logout.LogoutFilter@cdf67f1, com.fleetman.backend.config.security.JwtAuthenticationFilter@4cdc345f, org.springframework.security.web.savedrequest.RequestCacheAwareFilter@29f32a41, org.springframework.security.web.servletapi.SecurityContextHolderAwareRequestFilter@54eaf69d, org.springframework.security.web.authentication.AnonymousAuthenticationFilter@7b054614, org.springframework.security.web.session.SessionManagementFilter@159d2313, org.springframework.security.web.access.ExceptionTranslationFilter@2f467bb9, org.springframework.security.web.access.intercept.AuthorizationFilter@4a25da63]
2026-07-21T15:30:22.938+01:00  INFO 22128 --- [fleet-management] [           main] o.s.b.w.embedded.tomcat.TomcatWebServer  : Tomcat started on port 8082 (http) with context path ''
2026-07-21T15:30:22.955+01:00  INFO 22128 --- [fleet-management] [           main] c.fleetman.backend.FleetManApplication   : Started FleetManApplication in 13.557 seconds (process running for 14.13)
2026-07-21T15:30:23.157+01:00  INFO 22128 --- [fleet-management] [           main] c.fleetman.backend.config.DataBootstrap  : Compte super-admin deja present (joeltaba4@gmail.com)
2026-07-21T15:30:24.681+01:00  INFO 22128 --- [fleet-management] [nio-8082-exec-1] o.a.c.c.C.[Tomcat].[localhost].[/]       : Initializing Spring DispatcherServlet 'dispatcherServlet'
2026-07-21T15:30:24.681+01:00  INFO 22128 --- [fleet-management] [nio-8082-exec-1] o.s.web.servlet.DispatcherServlet        : Initializing Servlet 'dispatcherServlet'
2026-07-21T15:30:24.681+01:00  INFO 22128 --- [fleet-management] [nio-8082-exec-1] o.s.web.servlet.DispatcherServlet        : Completed initialization in 0 ms
2026-07-21T16:33:31.656+01:00  WARN 22128 --- [fleet-management] [l-1 housekeeper] com.zaxxer.hikari.pool.HikariPool        : HikariPool-1 - Thread starvation or clock leap detected (housekeeper delta=2m44s738ms248µs).
2026-07-21T16:35:58.435+01:00  INFO 22128 --- [fleet-management] [nio-8082-exec-6] o.springdoc.api.AbstractOpenApiResource  : Init duration for springdoc-openapi is: 2116 ms
2026-07-21T18:34:14.649+01:00  WARN 22128 --- [fleet-management] [l-1 housekeeper] com.zaxxer.hikari.pool.HikariPool        : HikariPool-1 - Thread starvation or clock leap detected (housekeeper delta=1m8s805ms63µs400ns).
2026-07-21T20:37:33.102+01:00  WARN 22128 --- [fleet-management] [l-1 housekeeper] com.zaxxer.hikari.pool.HikariPool        : HikariPool-1 - Thread starvation or clock leap detected (housekeeper delta=1h55m48s302ms599µs800ns).
